c:\users\h7524\onedrive\рабочий стол\zender\built_dbg\cache\um\vc143.pdb
c:\users\h7524\onedrive\рабочий стол\zender\built_dbg\cache\um\vc143.idb
c:\users\h7524\onedrive\рабочий стол\zender\built_dbg\cache\um\imgui_widgets.obj
c:\users\h7524\onedrive\рабочий стол\zender\built_dbg\cache\um\imgui_tables.obj
c:\users\h7524\onedrive\рабочий стол\zender\built_dbg\cache\um\imgui_impl_win32.obj
c:\users\h7524\onedrive\рабочий стол\zender\built_dbg\cache\um\imgui_impl_dx11.obj
c:\users\h7524\onedrive\рабочий стол\zender\built_dbg\cache\um\imgui_draw.obj
c:\users\h7524\onedrive\рабочий стол\zender\built_dbg\cache\um\imgui_demo.obj
c:\users\h7524\onedrive\рабочий стол\zender\built_dbg\cache\um\imgui.obj
c:\users\h7524\onedrive\рабочий стол\zender\built_dbg\cache\um\offsets.obj
c:\users\h7524\onedrive\рабочий стол\zender\built_dbg\cache\um\main.obj
c:\users\h7524\onedrive\рабочий стол\zender\built_dbg\cache\um\uiaccess.obj
c:\users\h7524\onedrive\рабочий стол\zender\built_dbg\cache\um\mouse.obj
c:\users\h7524\onedrive\рабочий стол\zender\built_dbg\cache\um\game.obj
c:\users\h7524\onedrive\рабочий стол\zender\built_dbg\cache\um\entity.obj
c:\users\h7524\onedrive\рабочий стол\zender\built_dbg\cache\um\bone.obj
c:\users\h7524\onedrive\рабочий стол\zender\built_dbg\cache\um\radar.obj
c:\users\h7524\onedrive\рабочий стол\zender\built_dbg\cache\um\misc.obj
c:\users\h7524\onedrive\рабочий стол\zender\built_dbg\cache\um\globalvars.obj
c:\users\h7524\onedrive\рабочий стол\zender\built_dbg\cache\um\cheats.obj
c:\users\h7524\onedrive\рабочий стол\zender\built_dbg\cache\um\configsaver.obj
c:\users\h7524\onedrive\рабочий стол\zender\built_dbg\cache\um\configmenu.obj
c:\users\h7524\onedrive\рабочий стол\zender\built_dbg\cache\um\memorymgr.obj
c:\users\h7524\onedrive\рабочий стол\zender\built_dbg\cache\um\os-imgui_external.obj
c:\users\h7524\onedrive\рабочий стол\zender\built_dbg\cache\um\os-imgui_base.obj
c:\users\h7524\onedrive\рабочий стол\zender\built_dbg\cache\um\os-imgui.obj
c:\users\h7524\onedrive\рабочий стол\zender\built_dbg\cs2cheats.exe
c:\users\h7524\onedrive\рабочий стол\zender\built_dbg\cs2cheats.pdb
c:\users\h7524\onedrive\рабочий стол\zender\built_dbg\cache\um\cs2cheats.ilk
c:\users\h7524\onedrive\рабочий стол\zender\\built_dbg\cs2cheats.pdb
c:\users\h7524\onedrive\рабочий стол\zender\\built_dbg\cache\um\cs2cheats.vcxproj.filelistabsolute.txt
c:\users\h7524\onedrive\рабочий стол\zender\built_dbg\cache\um\cs2cheats.tlog\cl.command.1.tlog
c:\users\h7524\onedrive\рабочий стол\zender\built_dbg\cache\um\cs2cheats.tlog\cl.items.tlog
c:\users\h7524\onedrive\рабочий стол\zender\built_dbg\cache\um\cs2cheats.tlog\cl.read.1.tlog
c:\users\h7524\onedrive\рабочий стол\zender\built_dbg\cache\um\cs2cheats.tlog\cl.write.1.tlog
c:\users\h7524\onedrive\рабочий стол\zender\built_dbg\cache\um\cs2cheats.tlog\link.command.1.tlog
c:\users\h7524\onedrive\рабочий стол\zender\built_dbg\cache\um\cs2cheats.tlog\link.read.1.tlog
c:\users\h7524\onedrive\рабочий стол\zender\built_dbg\cache\um\cs2cheats.tlog\link.secondary.1.tlog
c:\users\h7524\onedrive\рабочий стол\zender\built_dbg\cache\um\cs2cheats.tlog\link.write.1.tlog
