c:\4часть\built\cache\um\vc143.pdb
c:\4часть\built\cache\um\imgui_widgets.obj
c:\4часть\built\cache\um\imgui_tables.obj
c:\4часть\built\cache\um\imgui_impl_win32.obj
c:\4часть\built\cache\um\imgui_impl_dx11.obj
c:\4часть\built\cache\um\imgui_draw.obj
c:\4часть\built\cache\um\imgui_demo.obj
c:\4часть\built\cache\um\imgui.obj
c:\4часть\built\cache\um\offsets.obj
c:\4часть\built\cache\um\main.obj
c:\4часть\built\cache\um\uiaccess.obj
c:\4часть\built\cache\um\mouse.obj
c:\4часть\built\cache\um\game.obj
c:\4часть\built\cache\um\entity.obj
c:\4часть\built\cache\um\bone.obj
c:\4часть\built\cache\um\radar.obj
c:\4часть\built\cache\um\misc.obj
c:\4часть\built\cache\um\globalvars.obj
c:\4часть\built\cache\um\cheats.obj
c:\4часть\built\cache\um\configsaver.obj
c:\4часть\built\cache\um\configmenu.obj
c:\4часть\built\cache\um\memorymgr.obj
c:\4часть\built\cache\um\os-imgui_external.obj
c:\4часть\built\cache\um\os-imgui_base.obj
c:\4часть\built\cache\um\os-imgui.obj
c:\4часть\built\cache\um\aimbot.obj
c:\4часть\built\cs2cheats.exe
c:\4часть\built\cs2cheats.pdb
c:\4часть\built\cache\um\cs2cheats.ipdb
c:\4часть\built\cache\um\cs2cheats.iobj
c:\4часть\\built\cs2cheats.pdb
c:\4часть\\built\cache\um\cs2cheats.vcxproj.filelistabsolute.txt
c:\4часть\built\cache\um\cs2cheats.tlog\cl.command.1.tlog
c:\4часть\built\cache\um\cs2cheats.tlog\cl.items.tlog
c:\4часть\built\cache\um\cs2cheats.tlog\cl.read.1.tlog
c:\4часть\built\cache\um\cs2cheats.tlog\cl.write.1.tlog
c:\4часть\built\cache\um\cs2cheats.tlog\link.command.1.tlog
c:\4часть\built\cache\um\cs2cheats.tlog\link.read.1.tlog
c:\4часть\built\cache\um\cs2cheats.tlog\link.secondary.1.tlog
c:\4часть\built\cache\um\cs2cheats.tlog\link.write.1.tlog
